<?xml version="1.0" encoding="UTF-8"?>
<!-- Generated by org.testng.reporters.JUnitXMLReporter -->
<testsuite hostname="W16DNMTS06" ignored="0" name="Calculation Grouping and Parameter Scenarios" tests="3" failures="0" timestamp="2020-07-06T12:51:53 IST" time="0.808" errors="0">
  <testcase name="calcAddition" time="0.749" classname="com.calculator.parameter.calculatorUsingParameter"/>
  <testcase name="calcMultiplication" time="0.002" classname="com.calculator.parameter.calculatorUsingParameter"/>
  <testcase name="calcSubraction" time="0.001" classname="com.calculator.parameter.calculatorUsingParameter"/>
</testsuite> <!-- Calculation Grouping and Parameter Scenarios -->
