<?xml version="1.0" encoding="UTF-8"?>
<!-- Generated by org.testng.reporters.JUnitXMLReporter -->
<testsuite hostname="W16DNMTS06" ignored="0" name="Calculator Parallel Classes Scenarios" tests="36" failures="0" timestamp="2020-07-06T12:52:07 IST" time="0.857" errors="0">
  <testcase name="calcAddition" time="0.708" classname="com.calculator.parallelExecution.calculatorParallel"/>
  <testcase name="calcAddition" time="0.706" classname="com.calculator.assertfunction.calculatorAssertion"/>
  <testcase name="calcAddition" time="0.001" classname="com.calculator.parallelExecution.calculatorParallel"/>
  <testcase name="calcAddition" time="0.002" classname="com.calculator.assertfunction.calculatorAssertion"/>
  <testcase name="calcAddition" time="0.002" classname="com.calculator.parallelExecution.calculatorParallel"/>
  <testcase name="calcAddition" time="0.002" classname="com.calculator.assertfunction.calculatorAssertion"/>
  <testcase name="calcDivInt" time="0.001" classname="com.calculator.parallelExecution.calculatorParallel"/>
  <testcase name="calcDivInt" time="0.002" classname="com.calculator.parallelExecution.calculatorParallel"/>
  <testcase name="calcDivInt" time="0.001" classname="com.calculator.assertfunction.calculatorAssertion"/>
  <testcase name="calcDivInt" time="0.002" classname="com.calculator.parallelExecution.calculatorParallel"/>
  <testcase name="calcDivInt" time="0.001" classname="com.calculator.assertfunction.calculatorAssertion"/>
  <testcase name="calcMultiplication" time="0.001" classname="com.calculator.parallelExecution.calculatorParallel"/>
  <testcase name="calcDivInt" time="0.002" classname="com.calculator.assertfunction.calculatorAssertion"/>
  <testcase name="calcMultiplication" time="0.001" classname="com.calculator.parallelExecution.calculatorParallel"/>
  <testcase name="calcMultiplication" time="0.001" classname="com.calculator.parallelExecution.calculatorParallel"/>
  <testcase name="calcDivReal" time="0.001" classname="com.calculator.assertfunction.calculatorAssertion"/>
  <testcase name="calcSubraction" time="0.001" classname="com.calculator.parallelExecution.calculatorParallel"/>
  <testcase name="calcDivReal" time="0.001" classname="com.calculator.assertfunction.calculatorAssertion"/>
  <testcase name="calcSubraction" time="0.001" classname="com.calculator.parallelExecution.calculatorParallel"/>
  <testcase name="calcDivReal" time="0.002" classname="com.calculator.assertfunction.calculatorAssertion"/>
  <testcase name="calcSubraction" time="0.002" classname="com.calculator.parallelExecution.calculatorParallel"/>
  <testcase name="calcInverse" time="0.002" classname="com.calculator.assertfunction.calculatorAssertion"/>
  <testcase name="calcInverse" time="0.001" classname="com.calculator.assertfunction.calculatorAssertion"/>
  <testcase name="calcInverse" time="0.001" classname="com.calculator.assertfunction.calculatorAssertion"/>
  <testcase name="calcModulus" time="0.001" classname="com.calculator.assertfunction.calculatorAssertion"/>
  <testcase name="calcModulus" time="0.001" classname="com.calculator.assertfunction.calculatorAssertion"/>
  <testcase name="calcModulus" time="0.001" classname="com.calculator.assertfunction.calculatorAssertion"/>
  <testcase name="calcMultiplication" time="0.001" classname="com.calculator.assertfunction.calculatorAssertion"/>
  <testcase name="calcMultiplication" time="0.001" classname="com.calculator.assertfunction.calculatorAssertion"/>
  <testcase name="calcMultiplication" time="0.001" classname="com.calculator.assertfunction.calculatorAssertion"/>
  <testcase name="calcNegate" time="0.001" classname="com.calculator.assertfunction.calculatorAssertion"/>
  <testcase name="calcNegate" time="0.001" classname="com.calculator.assertfunction.calculatorAssertion"/>
  <testcase name="calcNegate" time="0.001" classname="com.calculator.assertfunction.calculatorAssertion"/>
  <testcase name="calcSubraction" time="0.001" classname="com.calculator.assertfunction.calculatorAssertion"/>
  <testcase name="calcSubraction" time="0.001" classname="com.calculator.assertfunction.calculatorAssertion"/>
  <testcase name="calcSubraction" time="0.001" classname="com.calculator.assertfunction.calculatorAssertion"/>
</testsuite> <!-- Calculator Parallel Classes Scenarios -->
